{
  "RSpec": {
    "coverage": {
      "/home/victor/Documentos/ProjetoEscola-X/2017.1-Escola-X/spec/controllers/alumns_controller_spec.rb": [
        1,
        1,
        null,
        1,
        1,
        null,
        null,
        1,
        1,
        null,
        null,
        null,
        22,
        null,
        1,
        null,
        null,
        6,
        null,
        7,
        1,
        null,
        1,
        1,
        2,
        null,
        null,
        1,
        1,
        1,
        null,
        null,
        1,
        1,
        1,
        null,
        null,
        null,
        1,
        1,
        2,
        null,
        null,
        1,
        1,
        1,
        1,
        null,
        null,
        1,
        1,
        1,
        1,
        null,
        null,
        null,
        1,
        1,
        2,
        null,
        null,
        1,
        1,
        1,
        1,
        null,
        null,
        1,
        1,
        1,
        1,
        null,
        null,
        null,
        1,
        1,
        6,
        null,
        null,
        1,
        null,
        1,
        1,
        1,
        1,
        null,
        null,
        1,
        1,
        1,
        1,
        null,
        null,
        1,
        1,
        1,
        1,
        null,
        null,
        null,
        1,
        1,
        1,
        1,
        1,
        null,
        null,
        1,
        1,
        1,
        1,
        null,
        null,
        1,
        1,
        null,
        1,
        1,
        null,
        null,
        null,
        null,
        1,
        1,
        1,
        2,
        null,
        null,
        1,
        1,
        1,
        null,
        null,
        1,
        1,
        1,
        null,
        null,
        1,
        1,
        5,
        null,
        null,
        1,
        1,
        1,
        null,
        null,
        1,
        1,
        1,
        1,
        1,
        1,
        null,
        null,
        1,
        1,
        1,
        1,
        null,
        null,
        null,
        1,
        1,
        1,
        1,
        1,
        1,
        null,
        1,
        1,
        1,
        1,
        1,
        null,
        null,
        null,
        null,
        null,
        null,
        1,
        1,
        6,
        6,
        6,
        null,
        null,
        1,
        1,
        1,
        1,
        null,
        null,
        null,
        1,
        1,
        1,
        1,
        null,
        null,
        1,
        1,
        1,
        null,
        null,
        null,
        1,
        1,
        1,
        1,
        null,
        null,
        null,
        1,
        1,
        1,
        null,
        null,
        1,
        1,
        1,
        null,
        null,
        null,
        null,
        null,
        1,
        1,
        1,
        null,
        1,
        1,
        1,
        1,
        null,
        null,
        null,
        1,
        1,
        2,
        null,
        1,
        1,
        1,
        1,
        null,
        1,
        1,
        1,
        1,
        null,
        null,
        null,
        1,
        1,
        2,
        null,
        1,
        1,
        1,
        1,
        null,
        1,
        1,
        1,
        1,
        null,
        null,
        null
      ],
      "/home/victor/Documentos/ProjetoEscola-X/2017.1-Escola-X/spec/rails_helper.rb": [
        null,
        1,
        1,
        null,
        1,
        1,
        1,
        null,
        null,
        null,
        null,
        null,
        null,
        null,
        null,
        null,
        null,
        null,
        null,
        null,
        null,
        null,
        null,
        null,
        null,
        null,
        1,
        null,
        1,
        null,
        1,
        null,
        null,
        null,
        null,
        1,
        null,
        null,
        null,
        null,
        null,
        null,
        null,
        null,
        null,
        null,
        null,
        null,
        null,
        null,
        1,
        null,
        null,
        1,
        null,
        null,
        null
      ],
      "/home/victor/Documentos/ProjetoEscola-X/2017.1-Escola-X/config/environment.rb": [
        null,
        1,
        null,
        null,
        1
      ],
      "/home/victor/Documentos/ProjetoEscola-X/2017.1-Escola-X/config/application.rb": [
        1,
        null,
        1,
        null,
        null,
        null,
        1,
        1,
        1,
        null,
        null,
        null,
        null,
        1,
        null,
        null
      ],
      "/home/victor/Documentos/ProjetoEscola-X/2017.1-Escola-X/config/boot.rb": [
        1,
        null,
        1
      ],
      "/home/victor/Documentos/ProjetoEscola-X/2017.1-Escola-X/config/environments/test.rb": [
        1,
        null,
        null,
        null,
        null,
        null,
        null,
        1,
        null,
        null,
        null,
        null,
        1,
        null,
        null,
        1,
        1,
        null,
        null,
        null,
        null,
        1,
        1,
        null,
        null,
        1,
        null,
        null,
        1,
        1,
        null,
        null,
        null,
        null,
        1,
        null,
        null,
        1,
        null,
        null,
        null,
        null
      ],
      "/home/victor/Documentos/ProjetoEscola-X/2017.1-Escola-X/config/initializers/application_controller_renderer.rb": [
        null,
        null,
        null,
        null,
        null,
        null
      ],
      "/home/victor/Documentos/ProjetoEscola-X/2017.1-Escola-X/config/initializers/assets.rb": [
        null,
        null,
        null,
        1,
        null,
        null,
        null,
        null,
        null,
        null,
        null
      ],
      "/home/victor/Documentos/ProjetoEscola-X/2017.1-Escola-X/config/initializers/backtrace_silencers.rb": [
        null,
        null,
        null,
        null,
        null,
        null,
        null
      ],
      "/home/victor/Documentos/ProjetoEscola-X/2017.1-Escola-X/config/initializers/carrier_wave.rb": [
        1
      ],
      "/home/victor/Documentos/ProjetoEscola-X/2017.1-Escola-X/config/initializers/cookies_serializer.rb": [
        null,
        null,
        null,
        null,
        1
      ],
      "/home/victor/Documentos/ProjetoEscola-X/2017.1-Escola-X/config/initializers/filter_parameter_logging.rb": [
        null,
        null,
        null,
        1
      ],
      "/home/victor/Documentos/ProjetoEscola-X/2017.1-Escola-X/config/initializers/inflections.rb": [
        null,
        null,
        null,
        null,
        null,
        null,
        null,
        null,
        null,
        null,
        null,
        null,
        null,
        null,
        null,
        null
      ],
      "/home/victor/Documentos/ProjetoEscola-X/2017.1-Escola-X/config/initializers/mime_types.rb": [
        null,
        null,
        null,
        null
      ],
      "/home/victor/Documentos/ProjetoEscola-X/2017.1-Escola-X/config/initializers/new_framework_defaults.rb": [
        null,
        null,
        null,
        null,
        null,
        null,
        null,
        1,
        null,
        null,
        1,
        null,
        null,
        null,
        1,
        null,
        null,
        1,
        null,
        null,
        1,
        null,
        null,
        1
      ],
      "/home/victor/Documentos/ProjetoEscola-X/2017.1-Escola-X/config/initializers/session_store.rb": [
        null,
        null,
        1
      ],
      "/home/victor/Documentos/ProjetoEscola-X/2017.1-Escola-X/config/initializers/wrap_parameters.rb": [
        null,
        null,
        null,
        null,
        null,
        null,
        1,
        2,
        null,
        null,
        null,
        null,
        null,
        null
      ],
      "/home/victor/Documentos/ProjetoEscola-X/2017.1-Escola-X/config/routes.rb": [
        1,
        null,
        1,
        1,
        1,
        1,
        1,
        1,
        1,
        1,
        1,
        null,
        1,
        1,
        1,
        1,
        1,
        null,
        1,
        null,
        1,
        1,
        null,
        1,
        1,
        null,
        null,
        1,
        null,
        null,
        1,
        null,
        1,
        null,
        1,
        1,
        1,
        null,
        1,
        1,
        1,
        1,
        1,
        1,
        1,
        1,
        1,
        1,
        1,
        1,
        1,
        null,
        null,
        1,
        1,
        null,
        null,
        1,
        1,
        null,
        null,
        1,
        1,
        null,
        null,
        1,
        1,
        null,
        null
      ],
      "/home/victor/Documentos/ProjetoEscola-X/2017.1-Escola-X/app/helpers/alumns_helper.rb": [
        1,
        null
      ],
      "/home/victor/Documentos/ProjetoEscola-X/2017.1-Escola-X/app/helpers/application_helper.rb": [
        1,
        null
      ],
      "/home/victor/Documentos/ProjetoEscola-X/2017.1-Escola-X/app/helpers/classrooms_helper.rb": [
        1,
        null
      ],
      "/home/victor/Documentos/ProjetoEscola-X/2017.1-Escola-X/app/helpers/grades_helper.rb": [
        1,
        null
      ],
      "/home/victor/Documentos/ProjetoEscola-X/2017.1-Escola-X/app/helpers/notifications_helper.rb": [
        1,
        null
      ],
      "/home/victor/Documentos/ProjetoEscola-X/2017.1-Escola-X/app/helpers/parents_helper.rb": [
        1,
        null
      ],
      "/home/victor/Documentos/ProjetoEscola-X/2017.1-Escola-X/app/helpers/school_misses_helper.rb": [
        1,
        null
      ],
      "/home/victor/Documentos/ProjetoEscola-X/2017.1-Escola-X/app/helpers/secretary_helper.rb": [
        1,
        null
      ],
      "/home/victor/Documentos/ProjetoEscola-X/2017.1-Escola-X/app/helpers/sessions_helper.rb": [
        null,
        null,
        null,
        1,
        1,
        692,
        474,
        null,
        218,
        203,
        15,
        8,
        7,
        6,
        null,
        1,
        null,
        null,
        null,
        null,
        1,
        233,
        1,
        null,
        232,
        null,
        null,
        null,
        1,
        187,
        186,
        null,
        null,
        1,
        null,
        null,
        null,
        1,
        12,
        5,
        null,
        null,
        7,
        null,
        null,
        null,
        1,
        2,
        2,
        0,
        null,
        null,
        2,
        null,
        null,
        null,
        1,
        14,
        7,
        null,
        null,
        7,
        null,
        null,
        null,
        1,
        4,
        1,
        null,
        null,
        3,
        null,
        null,
        null,
        1,
        3,
        2,
        null,
        1,
        null,
        null,
        null,
        1,
        34,
        null,
        null,
        1,
        2,
        0,
        null,
        2,
        null,
        null,
        null,
        1,
        2,
        0,
        null,
        2,
        null,
        null,
        null
      ],
      "/home/victor/Documentos/ProjetoEscola-X/2017.1-Escola-X/app/helpers/strikes_helper.rb": [
        1,
        null
      ],
      "/home/victor/Documentos/ProjetoEscola-X/2017.1-Escola-X/app/helpers/subjects_helper.rb": [
        1,
        null
      ],
      "/home/victor/Documentos/ProjetoEscola-X/2017.1-Escola-X/app/helpers/suspensions_helper.rb": [
        1,
        null
      ],
      "/home/victor/Documentos/ProjetoEscola-X/2017.1-Escola-X/app/helpers/teachers_helper.rb": [
        1,
        null
      ],
      "/home/victor/Documentos/ProjetoEscola-X/2017.1-Escola-X/app/helpers/users_helper.rb": [
        1,
        null
      ],
      "/home/victor/Documentos/ProjetoEscola-X/2017.1-Escola-X/spec/helper_module_spec.rb": [
        1,
        1,
        211,
        null,
        null,
        null,
        null,
        211,
        null,
        null,
        1,
        2,
        null,
        null,
        null,
        2,
        null,
        null,
        1,
        1,
        null,
        null,
        null,
        null,
        null,
        1,
        null,
        null,
        1,
        42,
        null,
        null,
        null,
        null,
        null,
        1,
        16,
        null,
        null,
        null,
        null,
        null,
        null,
        null,
        1,
        22,
        null,
        null,
        null,
        null,
        null,
        null,
        1,
        0,
        null,
        null,
        null,
        null,
        null,
        null,
        1,
        36,
        null,
        null,
        null,
        null,
        null,
        1,
        1,
        null,
        null,
        null,
        null,
        null,
        null,
        1,
        51,
        null,
        null,
        null,
        null,
        null
      ],
      "/home/victor/Documentos/ProjetoEscola-X/2017.1-Escola-X/app/controllers/alumns_controller.rb": [
        null,
        null,
        null,
        1,
        1,
        null,
        1,
        7,
        2,
        5,
        5,
        5,
        4,
        4,
        1,
        3,
        1,
        1,
        null,
        null,
        1,
        null,
        null,
        null,
        null,
        1,
        2,
        2,
        2,
        null,
        null,
        null,
        1,
        2,
        2,
        2,
        2,
        null,
        null,
        null,
        1,
        2,
        2,
        2,
        null,
        null,
        null,
        1,
        6,
        6,
        6,
        6,
        6,
        3,
        3,
        null,
        3,
        null,
        null,
        null,
        null,
        1,
        6,
        6,
        6,
        6,
        3,
        3,
        null,
        3,
        null,
        null,
        null,
        null,
        1,
        1,
        1,
        1,
        1,
        null,
        null,
        null,
        1,
        2,
        2,
        2,
        null,
        null,
        null,
        1,
        0,
        0,
        0,
        0,
        null,
        0,
        null,
        null,
        null,
        null,
        1,
        2,
        2,
        1,
        null,
        null,
        null,
        1,
        1,
        12,
        null,
        null,
        null,
        null,
        null,
        null,
        null,
        null,
        null,
        null,
        null,
        null
      ],
      "/home/victor/Documentos/ProjetoEscola-X/2017.1-Escola-X/app/controllers/application_controller.rb": [
        null,
        null,
        null,
        1,
        1,
        null
      ],
      "/home/victor/Documentos/ProjetoEscola-X/2017.1-Escola-X/spec/controllers/classrooms_controller_spec.rb": [
        1,
        1,
        null,
        1,
        1,
        null,
        null,
        1,
        null,
        20,
        null,
        6,
        null,
        1,
        2,
        null,
        null,
        null,
        null,
        null,
        null,
        null,
        1,
        0,
        null,
        null,
        null,
        null,
        null,
        null,
        null,
        1,
        1,
        1,
        null,
        null,
        1,
        1,
        1,
        null,
        null,
        null,
        1,
        1,
        2,
        null,
        null,
        1,
        1,
        null,
        1,
        1,
        null,
        null,
        1,
        1,
        1,
        null,
        null,
        null,
        1,
        1,
        2,
        null,
        1,
        1,
        1,
        1,
        null,
        1,
        1,
        1,
        1,
        null,
        null,
        null,
        null,
        1,
        1,
        1,
        null,
        1,
        1,
        1,
        1,
        null,
        null,
        null,
        1,
        1,
        6,
        null,
        null,
        1,
        1,
        1,
        1,
        null,
        null,
        null,
        1,
        1,
        1,
        1,
        null,
        null,
        1,
        1,
        1,
        null,
        null,
        null,
        1,
        1,
        1,
        1,
        null,
        null,
        null,
        1,
        1,
        1,
        null,
        null,
        1,
        1,
        1,
        null,
        null,
        null,
        null,
        1,
        1,
        1,
        null,
        1,
        1,
        1,
        1,
        null,
        null,
        null,
        null,
        1,
        1,
        5,
        null,
        null,
        1,
        1,
        1,
        null,
        null,
        null,
        1,
        null,
        null,
        1,
        1,
        1,
        1,
        null,
        null,
        1,
        1,
        1,
        1,
        null,
        null,
        null,
        1,
        1,
        1,
        null,
        null,
        1,
        1,
        null,
        null,
        1,
        1,
        null,
        1,
        1,
        1,
        null,
        null,
        null,
        null,
        1,
        1,
        2,
        null,
        null,
        1,
        1,
        1,
        1,
        null,
        null,
        1,
        1,
        1,
        null,
        null,
        null,
        null,
        null,
        1,
        null,
        null,
        null,
        null,
        null,
        1,
        1,
        1,
        null,
        null,
        null,
        null,
        1,
        1,
        4,
        null,
        1,
        null,
        1,
        1,
        1,
        null,
        null,
        null,
        null,
        null,
        1,
        null,
        null,
        null,
        null,
        null,
        1,
        1,
        1,
        null,
        null,
        1,
        1,
        1,
        null,
        null,
        null,
        null,
        null,
        1,
        null,
        null,
        null,
        null,
        null,
        1,
        1,
        1,
        null,
        null,
        null,
        1,
        null,
        1,
        1,
        1,
        null,
        null,
        null,
        null,
        null,
        1,
        null,
        null,
        null,
        null,
        null,
        1,
        1,
        1,
        null,
        null,
        1,
        1,
        1,
        null,
        null,
        null,
        null,
        null,
        1,
        null,
        null,
        null,
        null,
        null,
        1,
        1,
        1,
        null,
        null,
        null,
        null,
        null,
        null,
        null,
        null,
        null,
        null
      ],
      "/home/victor/Documentos/ProjetoEscola-X/2017.1-Escola-X/app/controllers/classrooms_controller.rb": [
        null,
        null,
        null,
        1,
        1,
        null,
        1,
        2,
        2,
        null,
        null,
        null,
        1,
        1,
        1,
        null,
        null,
        null,
        1,
        2,
        2,
        null,
        null,
        null,
        1,
        6,
        6,
        6,
        3,
        null,
        3,
        null,
        null,
        null,
        null,
        1,
        1,
        1,
        1,
        1,
        null,
        null,
        null,
        1,
        1,
        1,
        null,
        null,
        null,
        1,
        5,
        5,
        5,
        3,
        null,
        2,
        null,
        null,
        null,
        null,
        1,
        2,
        2,
        2,
        null,
        null,
        null,
        1,
        4,
        4,
        4,
        4,
        4,
        2,
        null,
        2,
        2,
        2,
        2,
        null,
        0,
        null,
        null,
        null,
        null,
        null,
        1,
        1,
        11,
        null,
        null,
        null
      ],
      "/home/victor/Documentos/ProjetoEscola-X/2017.1-Escola-X/spec/controllers/employees_controller_spec.rb": [
        1,
        1,
        null,
        1,
        1,
        null,
        null,
        1,
        null,
        1,
        null,
        null,
        null,
        null,
        5,
        1,
        null,
        null,
        null,
        0,
        null,
        1,
        1,
        2,
        null,
        1,
        1,
        1,
        1,
        null,
        1,
        1,
        1,
        1,
        null,
        null,
        null,
        1,
        1,
        3,
        null,
        1,
        1,
        1,
        1,
        null,
        1,
        1,
        1,
        1,
        null,
        1,
        1,
        1,
        1,
        null,
        null,
        null,
        1,
        1,
        1,
        null,
        1,
        1,
        1,
        null,
        null,
        null
      ],
      "/home/victor/Documentos/ProjetoEscola-X/2017.1-Escola-X/app/controllers/employees_controller.rb": [
        null,
        null,
        null,
        null,
        1,
        1,
        null,
        1,
        1,
        1,
        null,
        null,
        null,
        1,
        4,
        4,
        4,
        null,
        null,
        null,
        1,
        1,
        1,
        1,
        1,
        null,
        0,
        null,
        null,
        null,
        null,
        1,
        0,
        0,
        null,
        null,
        null,
        1,
        0,
        0,
        null,
        null,
        null,
        1,
        0,
        0,
        null,
        null,
        null,
        1,
        0,
        0,
        null,
        0,
        0,
        null,
        null,
        null,
        null,
        1,
        0,
        0,
        0,
        0,
        null,
        0,
        null,
        null,
        null,
        null,
        1,
        0,
        0,
        0,
        null,
        0,
        null,
        null,
        null,
        1,
        1,
        1,
        null,
        null,
        null,
        null,
        null,
        null,
        null,
        null,
        null,
        null,
        null,
        null
      ],
      "/home/victor/Documentos/ProjetoEscola-X/2017.1-Escola-X/app/controllers/users_controller.rb": [
        null,
        null,
        null,
        1,
        1,
        null,
        1,
        1,
        1,
        1,
        1,
        null,
        null,
        null
      ],
      "/home/victor/Documentos/ProjetoEscola-X/2017.1-Escola-X/spec/controllers/grades_controller_spec.rb": [
        1,
        1,
        null,
        1,
        1,
        null,
        null,
        1,
        7,
        2,
        1,
        1,
        null,
        null,
        null,
        0,
        null,
        3,
        null,
        1,
        1,
        1,
        1,
        null,
        null,
        1,
        1,
        1,
        1,
        1,
        null,
        null,
        null,
        null,
        1,
        null,
        null,
        null,
        null,
        1,
        1,
        2,
        2,
        null,
        null,
        1,
        1,
        1,
        1,
        1,
        1,
        1,
        null,
        null,
        1,
        1,
        1,
        1,
        1,
        null,
        null,
        null,
        1,
        1,
        2,
        2,
        2,
        null,
        null,
        1,
        1,
        1,
        1,
        1,
        null,
        null,
        1,
        1,
        1,
        1,
        null,
        null,
        null,
        1,
        1,
        1,
        1,
        1,
        null,
        null,
        1,
        1,
        1,
        1,
        null,
        1,
        1,
        1,
        1,
        1,
        null,
        null,
        null,
        null,
        null
      ],
      "/home/victor/Documentos/ProjetoEscola-X/2017.1-Escola-X/app/controllers/grades_controller.rb": [
        null,
        null,
        null,
        1,
        1,
        null,
        1,
        5,
        2,
        2,
        null,
        2,
        null,
        null,
        null,
        null,
        1,
        2,
        2,
        2,
        null,
        null,
        1,
        6,
        1,
        1,
        null,
        6,
        1,
        1,
        null,
        null,
        null,
        null,
        1,
        2,
        2,
        2,
        2,
        2,
        2,
        null,
        0,
        null,
        null,
        null,
        1,
        1,
        2,
        null,
        null,
        null,
        null,
        null,
        null,
        null,
        null
      ],
      "/home/victor/Documentos/ProjetoEscola-X/2017.1-Escola-X/spec/controllers/notifications_controller_spec.rb": [
        1,
        1,
        null,
        1,
        1,
        null,
        null,
        1,
        1,
        null,
        null,
        null,
        11,
        null,
        1,
        null,
        2,
        null,
        1,
        1,
        2,
        null,
        null,
        1,
        1,
        1,
        null,
        null,
        1,
        1,
        1,
        null,
        null,
        null,
        1,
        1,
        3,
        null,
        null,
        1,
        1,
        1,
        1,
        1,
        null,
        null,
        1,
        1,
        1,
        1,
        null,
        null,
        1,
        1,
        1,
        1,
        null,
        null,
        null,
        null,
        1,
        1,
        2,
        null,
        null,
        1,
        1,
        1,
        1,
        null,
        null,
        1,
        1,
        1,
        1,
        null,
        null,
        null,
        1,
        1,
        5,
        null,
        null,
        5,
        null,
        null,
        1,
        1,
        1,
        1,
        null,
        null,
        null,
        1,
        1,
        1,
        1,
        null,
        null,
        1,
        1,
        1,
        null,
        null,
        null,
        1,
        1,
        1,
        1,
        null,
        null,
        null,
        1,
        1,
        1,
        null,
        null,
        null,
        null,
        1,
        1,
        2,
        null,
        null,
        1,
        1,
        1,
        null,
        null,
        1,
        1,
        1,
        null,
        null,
        null,
        1,
        0,
        0,
        null,
        null,
        0,
        0,
        0,
        0,
        null,
        null,
        null,
        null,
        1,
        1,
        2,
        null,
        null,
        1,
        1,
        1,
        1,
        null,
        null,
        1,
        1,
        1,
        1,
        null,
        null,
        null,
        1,
        1,
        1,
        null,
        1,
        1,
        1,
        1,
        null,
        null,
        null,
        null
      ],
      "/home/victor/Documentos/ProjetoEscola-X/2017.1-Escola-X/app/controllers/notifications_controller.rb": [
        null,
        null,
        null,
        1,
        1,
        null,
        1,
        2,
        2,
        null,
        null,
        null,
        1,
        2,
        2,
        2,
        null,
        null,
        null,
        1,
        2,
        2,
        null,
        null,
        null,
        1,
        5,
        5,
        5,
        5,
        5,
        3,
        null,
        null,
        2,
        null,
        null,
        null,
        null,
        1,
        2,
        2,
        null,
        null,
        null,
        1,
        3,
        3,
        3,
        3,
        null,
        null,
        0,
        null,
        null,
        null,
        null,
        1,
        1,
        1,
        1,
        1,
        null,
        null,
        null,
        1,
        1,
        8,
        null,
        null,
        null,
        null,
        null,
        null,
        null
      ],
      "/home/victor/Documentos/ProjetoEscola-X/2017.1-Escola-X/spec/controllers/parents_controller_spec.rb": [
        1,
        1,
        null,
        1,
        1,
        null,
        null,
        null,
        1,
        1,
        null,
        null,
        19,
        null,
        1,
        null,
        6,
        null,
        2,
        null,
        1,
        1,
        2,
        null,
        null,
        1,
        1,
        1,
        null,
        null,
        1,
        1,
        1,
        null,
        null,
        null,
        1,
        1,
        2,
        null,
        null,
        1,
        1,
        1,
        1,
        null,
        null,
        1,
        1,
        1,
        1,
        null,
        null,
        null,
        1,
        1,
        2,
        null,
        null,
        1,
        1,
        1,
        1,
        null,
        null,
        1,
        1,
        1,
        1,
        null,
        null,
        null,
        1,
        1,
        2,
        null,
        null,
        1,
        1,
        1,
        null,
        null,
        1,
        1,
        1,
        null,
        null,
        null,
        1,
        1,
        6,
        null,
        null,
        1,
        1,
        1,
        1,
        null,
        null,
        null,
        1,
        1,
        1,
        1,
        null,
        null,
        1,
        1,
        1,
        null,
        null,
        null,
        1,
        1,
        1,
        1,
        null,
        null,
        null,
        1,
        1,
        1,
        null,
        null,
        1,
        1,
        1,
        null,
        null,
        null,
        null,
        1,
        1,
        6,
        null,
        null,
        1,
        1,
        1,
        1,
        1,
        null,
        null,
        1,
        1,
        1,
        1,
        null,
        null,
        1,
        1,
        1,
        1,
        null,
        null,
        null,
        1,
        1,
        1,
        1,
        1,
        null,
        null,
        1,
        1,
        1,
        1,
        null,
        null,
        1,
        1,
        1,
        1,
        null,
        null,
        null,
        null,
        1,
        1,
        1,
        null,
        1,
        1,
        1,
        1,
        null,
        null,
        null,
        null,
        1,
        1,
        2,
        null,
        1,
        1,
        1,
        1,
        null,
        1,
        1,
        1,
        1,
        null,
        null,
        null,
        1,
        1,
        3,
        null,
        1,
        1,
        1,
        1,
        null,
        1,
        1,
        1,
        1,
        null,
        null,
        1,
        1,
        1,
        1,
        1,
        null,
        null,
        null,
        null
      ],
      "/home/victor/Documentos/ProjetoEscola-X/2017.1-Escola-X/app/controllers/parents_controller.rb": [
        null,
        null,
        null,
        1,
        1,
        null,
        1,
        2,
        2,
        null,
        null,
        null,
        1,
        2,
        2,
        null,
        null,
        null,
        1,
        2,
        2,
        null,
        null,
        null,
        1,
        2,
        2,
        null,
        null,
        null,
        1,
        6,
        6,
        null,
        6,
        3,
        null,
        3,
        null,
        null,
        null,
        null,
        1,
        6,
        6,
        6,
        3,
        null,
        3,
        null,
        null,
        null,
        null,
        1,
        1,
        1,
        1,
        null,
        1,
        null,
        null,
        null,
        1,
        2,
        2,
        2,
        null,
        null,
        null,
        1,
        3,
        3,
        3,
        3,
        null,
        0,
        null,
        null,
        null,
        null,
        1,
        1,
        15,
        null,
        null,
        null,
        null,
        null,
        null,
        null,
        null
      ],
      "/home/victor/Documentos/ProjetoEscola-X/2017.1-Escola-X/spec/controllers/school_misses_controller_spec.rb": [
        1,
        1,
        null,
        1,
        1,
        null,
        null,
        1,
        1,
        5,
        1,
        2,
        null,
        null,
        1,
        1,
        1,
        null,
        1,
        1,
        1,
        null,
        null,
        null,
        null,
        null,
        null,
        null,
        null,
        null,
        null,
        null,
        null,
        null,
        null,
        null,
        null,
        null,
        null,
        null,
        null,
        null,
        null,
        null,
        null,
        null,
        null,
        1,
        1,
        4,
        4,
        null,
        null,
        null,
        null,
        4,
        null,
        1,
        1,
        1,
        1,
        null,
        null,
        1,
        1,
        1,
        1,
        1,
        null,
        1,
        1,
        1,
        null,
        null,
        null,
        1,
        1,
        1,
        1,
        null,
        null,
        null,
        null,
        null,
        1,
        1,
        3,
        3,
        null,
        null,
        null,
        null,
        3,
        null,
        null,
        1,
        1,
        1,
        1,
        1,
        1,
        1,
        null,
        1,
        1,
        1,
        1,
        null,
        null,
        null,
        1,
        1,
        1,
        1,
        1,
        1,
        1,
        null,
        null,
        null,
        null,
        1,
        1,
        1,
        1,
        null,
        null,
        null,
        null,
        1,
        null,
        1,
        1,
        1,
        1,
        1,
        1,
        null,
        null,
        null,
        null,
        null
      ],
      "/home/victor/Documentos/ProjetoEscola-X/2017.1-Escola-X/app/controllers/school_misses_controller.rb": [
        1,
        1,
        null,
        1,
        0,
        0,
        null,
        null,
        null,
        null,
        null,
        null,
        null,
        null,
        null,
        1,
        1,
        1,
        null,
        null,
        null,
        null,
        1,
        4,
        4,
        4,
        4,
        3,
        null,
        1,
        null,
        null,
        null,
        null,
        1,
        1,
        1,
        null,
        null,
        null,
        null,
        1,
        2,
        null,
        null,
        null,
        null,
        2,
        2,
        1,
        null,
        null,
        null,
        null,
        null,
        null,
        1,
        1,
        1,
        1,
        1,
        null,
        null,
        null,
        1,
        1,
        6,
        null,
        null
      ],
      "/home/victor/Documentos/ProjetoEscola-X/2017.1-Escola-X/spec/controllers/secretaries_controller_spec.rb": [
        1,
        null,
        1,
        null,
        1,
        null,
        null,
        null,
        12,
        null,
        1,
        null,
        null,
        5,
        null,
        null,
        null,
        null,
        null,
        null,
        null,
        null,
        null,
        1,
        1,
        1,
        null,
        null,
        1,
        1,
        1,
        null,
        null,
        null,
        1,
        1,
        5,
        null,
        null,
        1,
        1,
        1,
        null,
        null,
        null,
        1,
        null,
        null,
        1,
        1,
        1,
        1,
        null,
        null,
        1,
        1,
        1,
        1,
        null,
        null,
        null,
        1,
        1,
        1,
        null,
        null,
        1,
        1,
        null,
        null,
        1,
        1,
        null,
        1,
        1,
        1,
        null,
        null,
        null,
        null,
        1,
        1,
        2,
        null,
        null,
        1,
        1,
        1,
        null,
        null,
        1,
        1,
        1,
        1,
        null,
        null,
        null,
        null,
        1,
        1,
        1,
        null,
        null,
        1,
        1,
        1,
        1,
        null,
        null,
        null,
        1,
        1,
        1,
        null,
        null,
        1,
        1,
        1,
        1,
        null,
        null,
        null,
        1,
        1,
        1,
        null,
        1,
        1,
        1,
        1,
        null,
        null,
        null,
        null,
        1,
        1,
        6,
        null,
        null,
        1,
        1,
        1,
        1,
        null,
        null,
        null,
        1,
        1,
        1,
        1,
        null,
        null,
        1,
        1,
        1,
        null,
        null,
        null,
        1,
        1,
        null,
        1,
        1,
        1,
        null,
        null,
        null,
        1,
        1,
        1,
        null,
        null,
        1,
        1,
        1,
        null,
        null,
        null,
        null
      ],
      "/home/victor/Documentos/ProjetoEscola-X/2017.1-Escola-X/app/controllers/secretaries_controller.rb": [
        null,
        null,
        null,
        1,
        1,
        null,
        1,
        2,
        2,
        2,
        0,
        0,
        0,
        null,
        0,
        0,
        0,
        null,
        null,
        2,
        null,
        null,
        null,
        null,
        1,
        1,
        1,
        null,
        null,
        null,
        1,
        1,
        1,
        null,
        null,
        null,
        1,
        1,
        1,
        null,
        null,
        null,
        1,
        6,
        6,
        6,
        3,
        3,
        null,
        3,
        null,
        null,
        null,
        null,
        1,
        5,
        5,
        5,
        3,
        3,
        null,
        2,
        null,
        null,
        null,
        null,
        1,
        1,
        1,
        1,
        1,
        null,
        1,
        null,
        null,
        null,
        1,
        1,
        11,
        null,
        null,
        null,
        null,
        null,
        null,
        null,
        null,
        null,
        null,
        null,
        null
      ],
      "/home/victor/Documentos/ProjetoEscola-X/2017.1-Escola-X/spec/controllers/sessions_controller_spec.rb": [
        1,
        1,
        null,
        1,
        1,
        null,
        null,
        1,
        null,
        1,
        null,
        null,
        null,
        3,
        null,
        1,
        null,
        null,
        3,
        null,
        1,
        null,
        null,
        null,
        4,
        null,
        1,
        1,
        1,
        1,
        1,
        1,
        null,
        null,
        1,
        1,
        1,
        1,
        null,
        null,
        1,
        1,
        1,
        1,
        null,
        null,
        null,
        1,
        1,
        1,
        1,
        1,
        null,
        null,
        1,
        1,
        1,
        1,
        null,
        null,
        1,
        1,
        1,
        1,
        null,
        null,
        null,
        1,
        1,
        1,
        1,
        1,
        null,
        null,
        1,
        1,
        1,
        1,
        null,
        null,
        null,
        1,
        1,
        1,
        1,
        1,
        null,
        1,
        1,
        1,
        1,
        1,
        null,
        null,
        null,
        null,
        1,
        1,
        2,
        null,
        null,
        1,
        1,
        1,
        null,
        null,
        1,
        1,
        1,
        null,
        null,
        null
      ],
      "/home/victor/Documentos/ProjetoEscola-X/2017.1-Escola-X/app/controllers/sessions_controller.rb": [
        null,
        null,
        null,
        1,
        1,
        1,
        10,
        3,
        7,
        3,
        4,
        4,
        null,
        null,
        10,
        8,
        8,
        3,
        5,
        3,
        2,
        0,
        2,
        2,
        0,
        0,
        null,
        null,
        2,
        null,
        null,
        null,
        1,
        2,
        2,
        null,
        null
      ],
      "/home/victor/Documentos/ProjetoEscola-X/2017.1-Escola-X/spec/controllers/strikes_controller_spec.rb": [
        1,
        1,
        null,
        1,
        1,
        null,
        null,
        1,
        null,
        1,
        null,
        9,
        null,
        1,
        5,
        null,
        1,
        1,
        1,
        null,
        null,
        1,
        1,
        1,
        null,
        null,
        null,
        null,
        null,
        null,
        null,
        null,
        null,
        null,
        null,
        null,
        null,
        null,
        null,
        null,
        null,
        1,
        1,
        1,
        null,
        null,
        1,
        1,
        1,
        1,
        null,
        null,
        null,
        1,
        1,
        5,
        null,
        null,
        1,
        1,
        1,
        1,
        null,
        null,
        null,
        1,
        1,
        1,
        1,
        null,
        null,
        null,
        1,
        1,
        1,
        1,
        null,
        null,
        null,
        1,
        1,
        1,
        null,
        null,
        1,
        1,
        1,
        null,
        null,
        null,
        null,
        1,
        1,
        1,
        null,
        1,
        1,
        1,
        1,
        null,
        null,
        null,
        null,
        1,
        1,
        1,
        null,
        1,
        1,
        1,
        1,
        null,
        null,
        null,
        1,
        1,
        4,
        null,
        1,
        1,
        1,
        1,
        1,
        null,
        1,
        1,
        1,
        1,
        null,
        null,
        1,
        1,
        1,
        1,
        1,
        null,
        1,
        1,
        1,
        1,
        null,
        null,
        null,
        null,
        null,
        null,
        null,
        null
      ],
      "/home/victor/Documentos/ProjetoEscola-X/2017.1-Escola-X/app/controllers/strikes_controller.rb": [
        null,
        null,
        null,
        1,
        1,
        null,
        1,
        0,
        0,
        0,
        null,
        null,
        null,
        1,
        1,
        1,
        1,
        null,
        null,
        null,
        1,
        1,
        1,
        1,
        1,
        null,
        null,
        null,
        1,
        5,
        5,
        5,
        5,
        2,
        2,
        2,
        null,
        0,
        null,
        null,
        3,
        null,
        null,
        null,
        null,
        1,
        1,
        1,
        1,
        1,
        1,
        1,
        1,
        null,
        null,
        null,
        null,
        null,
        1,
        1,
        1,
        1,
        null,
        null,
        null,
        1,
        4,
        4,
        4,
        2,
        null,
        2,
        null,
        null,
        null,
        null,
        1,
        1,
        9,
        null,
        null,
        null,
        null,
        null
      ],
      "/home/victor/Documentos/ProjetoEscola-X/2017.1-Escola-X/spec/controllers/subjects_controller_spec.rb": [
        1,
        null,
        null,
        1,
        15,
        null,
        9,
        null,
        3,
        null,
        null,
        1,
        1,
        2,
        null,
        1,
        1,
        1,
        null,
        1,
        1,
        1,
        null,
        null,
        null,
        1,
        1,
        9,
        null,
        1,
        1,
        1,
        1,
        null,
        null,
        null,
        1,
        1,
        null,
        1,
        1,
        null,
        1,
        1,
        1,
        null,
        null,
        null,
        1,
        1,
        1,
        1,
        null,
        null,
        null,
        1,
        1,
        1,
        null,
        null,
        1,
        1,
        null,
        1,
        null,
        1,
        1,
        1,
        null,
        1,
        1,
        null,
        1,
        null,
        1,
        1,
        1,
        null,
        null,
        null,
        null,
        1,
        1,
        2,
        null,
        1,
        1,
        1,
        1,
        null,
        1,
        1,
        1,
        1,
        null,
        null,
        null,
        1,
        1,
        4,
        null,
        1,
        1,
        1,
        1,
        null,
        1,
        null,
        1,
        1,
        1,
        null,
        1,
        null,
        null,
        1,
        1,
        1,
        1,
        1,
        null,
        1,
        null,
        1,
        1,
        1,
        1,
        null,
        1,
        null,
        null,
        null,
        null,
        1,
        1,
        2,
        null,
        1,
        1,
        1,
        1,
        null,
        null,
        1,
        1,
        1,
        1,
        null,
        null,
        null,
        1,
        1,
        2,
        null,
        1,
        1,
        1,
        1,
        null,
        1,
        1,
        1,
        null,
        null,
        null,
        1,
        1,
        2,
        null,
        1,
        1,
        1,
        1,
        null,
        1,
        1,
        1,
        1,
        null,
        null,
        null,
        null,
        null,
        null,
        null
      ],
      "/home/victor/Documentos/ProjetoEscola-X/2017.1-Escola-X/app/controllers/subjects_controller.rb": [
        null,
        null,
        null,
        1,
        1,
        null,
        1,
        2,
        2,
        null,
        null,
        null,
        1,
        0,
        0,
        null,
        null,
        1,
        2,
        2,
        null,
        null,
        null,
        1,
        2,
        2,
        null,
        null,
        null,
        1,
        2,
        2,
        null,
        null,
        null,
        1,
        9,
        9,
        9,
        9,
        3,
        3,
        null,
        6,
        6,
        3,
        null,
        3,
        null,
        null,
        null,
        null,
        null,
        1,
        2,
        2,
        2,
        2,
        null,
        null,
        null,
        1,
        4,
        4,
        4,
        4,
        0,
        0,
        null,
        4,
        4,
        2,
        null,
        2,
        null,
        null,
        null,
        null,
        null,
        1,
        0,
        0,
        0,
        null,
        null,
        null,
        1,
        0,
        0,
        0,
        0,
        0,
        0,
        0,
        0,
        0,
        null,
        null,
        0,
        null,
        null,
        null,
        null,
        1,
        0,
        0,
        null,
        null,
        1,
        1,
        13,
        null,
        null
      ],
      "/home/victor/Documentos/ProjetoEscola-X/2017.1-Escola-X/spec/controllers/suspensions_controller_spec.rb": [
        1,
        null,
        1,
        null,
        1,
        null,
        null,
        null,
        3,
        null,
        1,
        null,
        null,
        0,
        null,
        1,
        13,
        null,
        1,
        5,
        null,
        1,
        2,
        null,
        1,
        0,
        null,
        null,
        null,
        null,
        null,
        1,
        23,
        null,
        null,
        null,
        null,
        null,
        null,
        1,
        0,
        null,
        null,
        null,
        1,
        1,
        2,
        null,
        null,
        1,
        1,
        1,
        null,
        null,
        1,
        1,
        1,
        null,
        null,
        null,
        1,
        1,
        6,
        null,
        null,
        1,
        1,
        1,
        1,
        null,
        null,
        null,
        1,
        1,
        1,
        1,
        1,
        1,
        null,
        null,
        1,
        1,
        1,
        null,
        null,
        null,
        1,
        1,
        1,
        1,
        null,
        null,
        null,
        1,
        1,
        1,
        1,
        null,
        null,
        1,
        1,
        1,
        null,
        null,
        null,
        null,
        1,
        1,
        4,
        null,
        null,
        1,
        1,
        1,
        1,
        1,
        null,
        null,
        1,
        1,
        1,
        1,
        null,
        null,
        null,
        1,
        1,
        1,
        1,
        1,
        1,
        null,
        null,
        1,
        1,
        1,
        1,
        1,
        1,
        null,
        null,
        null,
        null,
        1,
        1,
        2,
        null,
        1,
        1,
        1,
        1,
        null,
        1,
        1,
        1,
        1,
        null,
        null,
        null,
        1,
        1,
        2,
        null,
        1,
        1,
        1,
        1,
        1,
        1,
        1,
        null,
        1,
        1,
        1,
        1,
        null,
        null,
        null,
        1,
        1,
        1,
        null,
        null,
        1,
        1,
        1,
        1,
        1,
        1,
        null,
        null,
        null,
        null,
        1,
        1,
        2,
        null,
        1,
        1,
        1,
        1,
        1,
        null,
        1,
        1,
        1,
        1,
        null,
        null,
        null
      ],
      "/home/victor/Documentos/ProjetoEscola-X/2017.1-Escola-X/app/controllers/suspensions_controller.rb": [
        null,
        null,
        null,
        1,
        1,
        null,
        1,
        2,
        2,
        2,
        null,
        null,
        null,
        1,
        2,
        2,
        2,
        null,
        null,
        null,
        1,
        2,
        2,
        2,
        2,
        null,
        null,
        null,
        1,
        7,
        7,
        7,
        7,
        4,
        4,
        4,
        null,
        0,
        null,
        null,
        3,
        null,
        null,
        null,
        null,
        1,
        1,
        1,
        1,
        1,
        1,
        1,
        null,
        null,
        null,
        null,
        null,
        1,
        2,
        2,
        2,
        null,
        null,
        null,
        1,
        4,
        4,
        4,
        2,
        null,
        2,
        null,
        null,
        null,
        null,
        1,
        1,
        11,
        null,
        null,
        null,
        null,
        null,
        null,
        null
      ],
      "/home/victor/Documentos/ProjetoEscola-X/2017.1-Escola-X/spec/controllers/teachers_controller_spec.rb": [
        1,
        1,
        null,
        1,
        1,
        null,
        null,
        1,
        1,
        null,
        null,
        null,
        null,
        7,
        1,
        null,
        null,
        null,
        null,
        2,
        null,
        1,
        null,
        null,
        null,
        null,
        5,
        null,
        1,
        3,
        null,
        null,
        null,
        null,
        null,
        null,
        null,
        1,
        1,
        null,
        null,
        1,
        1,
        null,
        null,
        1,
        1,
        1,
        null,
        null,
        1,
        1,
        1,
        null,
        null,
        null,
        1,
        1,
        5,
        null,
        null,
        1,
        1,
        1,
        1,
        null,
        null,
        null,
        1,
        1,
        1,
        1,
        null,
        null,
        null,
        1,
        1,
        1,
        1,
        null,
        null,
        null,
        1,
        1,
        1,
        null,
        null,
        1,
        1,
        1,
        null,
        null,
        null,
        null,
        1,
        1,
        4,
        null,
        null,
        1,
        1,
        1,
        1,
        1,
        null,
        null,
        1,
        1,
        1,
        1,
        1,
        null,
        null,
        null,
        1,
        1,
        1,
        1,
        1,
        1,
        null,
        null,
        1,
        1,
        1,
        1,
        1,
        1,
        null,
        null,
        null,
        null,
        1,
        1,
        1,
        null,
        1,
        1,
        1,
        1,
        null,
        null,
        null,
        null,
        1,
        1,
        3,
        null,
        null,
        1,
        1,
        null,
        null,
        1,
        1,
        1,
        1,
        1,
        1,
        null,
        null,
        1,
        1,
        1,
        1,
        null,
        null,
        null
      ],
      "/home/victor/Documentos/ProjetoEscola-X/2017.1-Escola-X/app/controllers/teachers_controller.rb": [
        1,
        null,
        1,
        null,
        1,
        null,
        1,
        0,
        0,
        null,
        null,
        null,
        1,
        0,
        0,
        null,
        null,
        null,
        1,
        1,
        1,
        null,
        null,
        null,
        1,
        0,
        0,
        null,
        null,
        null,
        1,
        5,
        5,
        null,
        5,
        2,
        2,
        null,
        3,
        null,
        null,
        null,
        null,
        1,
        4,
        4,
        4,
        0,
        0,
        null,
        4,
        null,
        null,
        null,
        null,
        1,
        1,
        1,
        1,
        null,
        1,
        null,
        null,
        null,
        1,
        1,
        1,
        1,
        1,
        1,
        0,
        null,
        null,
        null,
        null,
        1,
        1,
        1,
        1,
        1,
        null,
        null,
        null,
        1,
        1,
        1,
        1,
        null,
        null,
        1,
        1,
        9,
        null,
        null,
        null,
        null,
        null,
        null,
        null,
        null,
        null,
        null,
        null,
        null
      ],
      "/home/victor/Documentos/ProjetoEscola-X/2017.1-Escola-X/spec/controllers/users_controller_spec.rb": [
        1,
        null,
        1,
        null,
        null,
        1,
        1,
        1,
        null,
        null,
        1,
        1,
        1,
        1,
        1,
        null,
        null,
        null
      ],
      "/home/victor/Documentos/ProjetoEscola-X/2017.1-Escola-X/spec/helpers/alumns_helper_spec.rb": [
        1,
        null,
        null,
        null,
        null,
        null,
        null,
        null,
        null,
        null,
        null,
        null,
        1,
        null,
        null
      ],
      "/home/victor/Documentos/ProjetoEscola-X/2017.1-Escola-X/spec/helpers/classrooms_helper_spec.rb": [
        1,
        null,
        null,
        null,
        null,
        null,
        null,
        null,
        null,
        null,
        null,
        null,
        1,
        null,
        null
      ],
      "/home/victor/Documentos/ProjetoEscola-X/2017.1-Escola-X/spec/helpers/grades_helper_spec.rb": [
        1,
        null,
        null,
        null,
        null,
        null,
        null,
        null,
        null,
        null,
        null,
        null,
        1,
        null,
        null
      ],
      "/home/victor/Documentos/ProjetoEscola-X/2017.1-Escola-X/spec/helpers/notifications_helper_spec.rb": [
        1,
        null,
        null,
        null,
        null,
        null,
        null,
        null,
        null,
        null,
        null,
        null,
        1,
        null,
        null
      ],
      "/home/victor/Documentos/ProjetoEscola-X/2017.1-Escola-X/spec/helpers/parents_helper_spec.rb": [
        1,
        null,
        null,
        null,
        null,
        null,
        null,
        null,
        null,
        null,
        null,
        null,
        1,
        null,
        null
      ],
      "/home/victor/Documentos/ProjetoEscola-X/2017.1-Escola-X/spec/helpers/school_misses_helper_spec.rb": [
        1,
        null,
        null,
        null,
        null,
        null,
        null,
        null,
        null,
        null,
        null,
        null,
        1,
        null,
        null
      ],
      "/home/victor/Documentos/ProjetoEscola-X/2017.1-Escola-X/spec/helpers/secretary_helper_spec.rb": [
        1,
        null,
        null,
        null,
        null,
        null,
        null,
        null,
        null,
        null,
        null,
        null,
        1,
        null,
        null
      ],
      "/home/victor/Documentos/ProjetoEscola-X/2017.1-Escola-X/spec/helpers/sessions_helper_spec.rb": [
        1,
        null,
        null,
        null,
        null,
        null,
        null,
        null,
        null,
        null,
        null,
        null,
        1,
        1,
        null,
        null,
        null,
        1,
        null,
        1,
        null,
        null,
        null,
        1,
        null,
        1,
        null,
        null,
        null,
        null,
        2,
        null,
        1,
        null,
        null,
        3,
        null,
        1,
        null,
        null,
        null,
        0,
        null,
        1,
        null,
        1,
        1,
        1,
        1,
        null,
        null,
        1,
        1,
        1,
        null,
        null,
        1,
        1,
        1,
        1,
        null,
        null,
        1,
        1,
        1,
        1,
        1,
        null,
        null,
        1,
        1,
        1,
        1,
        null,
        null,
        1,
        1,
        1,
        1,
        null,
        null,
        1,
        1,
        1,
        1,
        null,
        1,
        2,
        null,
        1,
        1,
        1,
        1,
        null,
        null,
        null,
        null,
        null,
        null
      ],
      "/home/victor/Documentos/ProjetoEscola-X/2017.1-Escola-X/spec/helpers/strikes_helper_spec.rb": [
        1,
        null,
        null,
        null,
        null,
        null,
        null,
        null,
        null,
        null,
        null,
        null,
        1,
        null,
        null
      ],
      "/home/victor/Documentos/ProjetoEscola-X/2017.1-Escola-X/spec/helpers/subjects_helper_spec.rb": [
        1,
        null,
        null,
        null,
        null,
        null,
        null,
        null,
        null,
        null,
        null,
        null,
        1,
        null,
        null
      ],
      "/home/victor/Documentos/ProjetoEscola-X/2017.1-Escola-X/spec/helpers/suspensions_helper_spec.rb": [
        1,
        null,
        null,
        null,
        null,
        null,
        null,
        null,
        null,
        null,
        null,
        null,
        1,
        null,
        null
      ],
      "/home/victor/Documentos/ProjetoEscola-X/2017.1-Escola-X/spec/helpers/teachers_helper_spec.rb": [
        1,
        null,
        null,
        null,
        null,
        null,
        null,
        null,
        null,
        null,
        null,
        null,
        1,
        null,
        null
      ],
      "/home/victor/Documentos/ProjetoEscola-X/2017.1-Escola-X/spec/helpers/users_helper_spec.rb": [
        1,
        null,
        null,
        null,
        null,
        null,
        null,
        null,
        null,
        null,
        null,
        null,
        null,
        1,
        null,
        1,
        null,
        null,
        null,
        1,
        null,
        1,
        null,
        null,
        null,
        0,
        null,
        null,
        null,
        null,
        null,
        null,
        1,
        null,
        null,
        1,
        null,
        1,
        1,
        5,
        null,
        null,
        1,
        1,
        1,
        null,
        null,
        1,
        1,
        null,
        null,
        1,
        1,
        1,
        1,
        null,
        null,
        1,
        1,
        null,
        null,
        null,
        1,
        null,
        null,
        null,
        null,
        1,
        1,
        null,
        null,
        null,
        null,
        null,
        null,
        null,
        null,
        1,
        1,
        1,
        1,
        null,
        null,
        null,
        null
      ],
      "/home/victor/Documentos/ProjetoEscola-X/2017.1-Escola-X/spec/models/alumn_spec.rb": [
        1,
        null,
        1,
        null,
        null
      ],
      "/home/victor/Documentos/ProjetoEscola-X/2017.1-Escola-X/app/models/alumn.rb": [
        null,
        null,
        null,
        1,
        1,
        1,
        null,
        1,
        1,
        1,
        1,
        1,
        null,
        1,
        1,
        1,
        null,
        1,
        1,
        null,
        null,
        null,
        null,
        null,
        1,
        83,
        null,
        null,
        1,
        83,
        null,
        null,
        1,
        null,
        null,
        null,
        null,
        null,
        null,
        1,
        null,
        null,
        null,
        null,
        null,
        null,
        1,
        null,
        1,
        null,
        null,
        null,
        null,
        null,
        1,
        null,
        null,
        null,
        null,
        null,
        1,
        null,
        null,
        null,
        1,
        null,
        1,
        0,
        null,
        null,
        1,
        10,
        null,
        null,
        1,
        13,
        null,
        null,
        1,
        1,
        96,
        0,
        null,
        null,
        null,
        null,
        1,
        null,
        83,
        83,
        null,
        null,
        1,
        0,
        null,
        null,
        1,
        4,
        null,
        null
      ],
      "/home/victor/Documentos/ProjetoEscola-X/2017.1-Escola-X/app/models/application_record.rb": [
        1,
        1,
        null
      ],
      "/home/victor/Documentos/ProjetoEscola-X/2017.1-Escola-X/spec/models/classroom_spec.rb": [
        1,
        null,
        1,
        null,
        null
      ],
      "/home/victor/Documentos/ProjetoEscola-X/2017.1-Escola-X/app/models/classroom.rb": [
        null,
        null,
        null,
        1,
        1,
        1,
        1,
        1,
        1,
        null,
        1,
        null,
        null,
        null,
        null,
        null,
        1,
        null,
        null,
        null,
        null,
        null,
        null
      ],
      "/home/victor/Documentos/ProjetoEscola-X/2017.1-Escola-X/spec/models/classroom_subject_spec.rb": [
        1,
        null,
        1,
        null
      ],
      "/home/victor/Documentos/ProjetoEscola-X/2017.1-Escola-X/app/models/classroom_subject.rb": [
        1,
        1,
        1,
        1,
        null,
        1,
        14,
        3,
        3,
        null,
        null,
        null,
        null,
        null
      ],
      "/home/victor/Documentos/ProjetoEscola-X/2017.1-Escola-X/spec/models/employee_spec.rb": [
        1,
        null,
        1,
        null,
        null
      ],
      "/home/victor/Documentos/ProjetoEscola-X/2017.1-Escola-X/app/models/employee.rb": [
        null,
        null,
        null,
        1,
        1,
        null,
        1,
        1,
        1,
        null,
        1,
        null,
        1,
        null,
        null,
        1,
        null,
        1,
        null,
        null,
        null,
        null,
        null,
        1,
        null,
        1,
        null,
        1,
        null,
        null,
        null,
        null,
        null,
        1,
        null,
        null,
        null,
        null,
        null,
        1,
        null,
        null,
        null,
        null,
        1,
        298,
        null,
        null,
        1,
        1,
        302,
        0,
        null,
        null,
        null,
        null,
        1,
        null,
        298,
        298,
        null,
        null
      ],
      "/home/victor/Documentos/ProjetoEscola-X/2017.1-Escola-X/spec/models/grade_spec.rb": [
        1,
        null,
        1,
        null,
        null
      ],
      "/home/victor/Documentos/ProjetoEscola-X/2017.1-Escola-X/app/models/grade.rb": [
        null,
        null,
        null,
        1,
        1,
        1,
        1,
        null
      ],
      "/home/victor/Documentos/ProjetoEscola-X/2017.1-Escola-X/spec/models/notification_spec.rb": [
        1,
        null,
        1,
        null,
        null
      ],
      "/home/victor/Documentos/ProjetoEscola-X/2017.1-Escola-X/app/models/notification.rb": [
        null,
        null,
        null,
        1,
        1,
        null,
        null,
        null,
        null,
        null,
        null,
        1,
        null,
        null,
        null,
        null,
        1,
        null,
        null,
        1,
        null,
        null,
        null,
        1,
        5,
        null,
        null
      ],
      "/home/victor/Documentos/ProjetoEscola-X/2017.1-Escola-X/spec/models/parent_spec.rb": [
        1,
        null,
        1,
        null,
        null
      ],
      "/home/victor/Documentos/ProjetoEscola-X/2017.1-Escola-X/app/models/parent.rb": [
        null,
        null,
        null,
        1,
        1,
        1,
        1,
        1,
        null,
        null,
        1,
        null,
        1,
        null,
        null,
        null,
        null,
        null,
        1,
        null,
        null,
        null,
        null,
        null,
        1,
        null,
        null,
        null,
        1,
        null,
        1,
        71,
        null,
        null,
        1,
        0,
        null,
        null,
        1,
        1,
        77,
        0,
        null,
        null,
        null,
        null,
        1,
        null,
        71,
        71,
        null,
        null,
        null
      ],
      "/home/victor/Documentos/ProjetoEscola-X/2017.1-Escola-X/spec/models/principal_spec.rb": [
        1,
        null,
        1,
        null,
        null
      ],
      "/home/victor/Documentos/ProjetoEscola-X/2017.1-Escola-X/app/models/principal.rb": [
        null,
        null,
        null,
        1,
        null
      ],
      "/home/victor/Documentos/ProjetoEscola-X/2017.1-Escola-X/spec/models/school_miss_spec.rb": [
        1,
        null,
        1,
        null,
        null
      ],
      "/home/victor/Documentos/ProjetoEscola-X/2017.1-Escola-X/app/models/school_miss.rb": [
        1,
        1,
        null,
        1,
        null
      ],
      "/home/victor/Documentos/ProjetoEscola-X/2017.1-Escola-X/spec/models/strike_spec.rb": [
        1,
        null,
        1,
        null,
        null
      ],
      "/home/victor/Documentos/ProjetoEscola-X/2017.1-Escola-X/app/models/strike.rb": [
        null,
        null,
        null,
        1,
        1,
        1,
        null,
        1,
        null,
        null,
        null,
        null,
        null,
        1,
        null
      ],
      "/home/victor/Documentos/ProjetoEscola-X/2017.1-Escola-X/spec/models/subject_spec.rb": [
        1,
        null,
        1,
        null,
        null
      ],
      "/home/victor/Documentos/ProjetoEscola-X/2017.1-Escola-X/app/models/subject.rb": [
        1,
        1,
        1,
        1,
        1,
        1,
        1,
        1,
        null,
        1,
        null,
        null,
        null,
        null,
        null,
        null,
        1,
        null,
        null,
        null,
        1,
        null,
        null,
        null,
        null
      ],
      "/home/victor/Documentos/ProjetoEscola-X/2017.1-Escola-X/spec/models/suspension_spec.rb": [
        1,
        null,
        1,
        null,
        null
      ],
      "/home/victor/Documentos/ProjetoEscola-X/2017.1-Escola-X/app/models/suspension.rb": [
        null,
        null,
        null,
        1,
        1,
        1,
        null,
        1,
        null,
        null,
        null,
        null,
        null,
        1,
        null,
        1,
        null,
        null,
        null,
        null,
        null,
        1,
        null
      ],
      "/home/victor/Documentos/ProjetoEscola-X/2017.1-Escola-X/spec/models/teacher_spec.rb": [
        1,
        null,
        1,
        null,
        null
      ],
      "/home/victor/Documentos/ProjetoEscola-X/2017.1-Escola-X/app/models/teacher.rb": [
        null,
        null,
        null,
        1,
        1,
        null
      ],
      "/home/victor/Documentos/ProjetoEscola-X/2017.1-Escola-X/spec/views/grades/index.html.erb_spec.rb": [
        1,
        null,
        1,
        null,
        null
      ],
      "/home/victor/Documentos/ProjetoEscola-X/2017.1-Escola-X/spec/views/notifications/create.html.erb_spec.rb": [
        1,
        null,
        1,
        null,
        null
      ],
      "/home/victor/Documentos/ProjetoEscola-X/2017.1-Escola-X/spec/views/notifications/destroy.html.erb_spec.rb": [
        1,
        null,
        1,
        null,
        null
      ],
      "/home/victor/Documentos/ProjetoEscola-X/2017.1-Escola-X/spec/views/notifications/edit.html.erb_spec.rb": [
        1,
        null,
        1,
        null,
        null
      ],
      "/home/victor/Documentos/ProjetoEscola-X/2017.1-Escola-X/spec/views/notifications/index.html.erb_spec.rb": [
        1,
        null,
        1,
        null,
        null
      ],
      "/home/victor/Documentos/ProjetoEscola-X/2017.1-Escola-X/spec/views/notifications/new.html.erb_spec.rb": [
        1,
        null,
        1,
        null,
        null
      ],
      "/home/victor/Documentos/ProjetoEscola-X/2017.1-Escola-X/spec/views/notifications/show.html.erb_spec.rb": [
        1,
        null,
        1,
        null,
        null
      ],
      "/home/victor/Documentos/ProjetoEscola-X/2017.1-Escola-X/spec/views/school_misses/create.html.erb_spec.rb": [
        1,
        null,
        1,
        null,
        null
      ],
      "/home/victor/Documentos/ProjetoEscola-X/2017.1-Escola-X/spec/views/school_misses/destroy.html.erb_spec.rb": [
        1,
        null,
        1,
        null,
        null
      ],
      "/home/victor/Documentos/ProjetoEscola-X/2017.1-Escola-X/spec/views/school_misses/edit.html.erb_spec.rb": [
        1,
        null,
        1,
        null,
        null
      ],
      "/home/victor/Documentos/ProjetoEscola-X/2017.1-Escola-X/spec/views/school_misses/index.html.erb_spec.rb": [
        1,
        null,
        1,
        null,
        null
      ],
      "/home/victor/Documentos/ProjetoEscola-X/2017.1-Escola-X/spec/views/school_misses/new.html.erb_spec.rb": [
        1,
        null,
        1,
        null,
        null
      ],
      "/home/victor/Documentos/ProjetoEscola-X/2017.1-Escola-X/spec/views/school_misses/show.html.erb_spec.rb": [
        1,
        null,
        1,
        null,
        null
      ],
      "/home/victor/Documentos/ProjetoEscola-X/2017.1-Escola-X/spec/views/school_misses/update.html.erb_spec.rb": [
        1,
        null,
        1,
        null,
        null
      ],
      "/home/victor/Documentos/ProjetoEscola-X/2017.1-Escola-X/spec/views/subjects/index.html.erb_spec.rb": [
        1,
        null,
        1,
        null,
        null
      ],
      "/home/victor/Documentos/ProjetoEscola-X/2017.1-Escola-X/app/models/secretary.rb": [
        null,
        null,
        null,
        1,
        null
      ]
    },
    "timestamp": 1496516710
  }
}
